INFO: [VRFC 10-2263] Analyzing Verilog file "/home/qgeroli5/LineFollowerSimple/LineFollowerSimple.srcs/sources_1/new/RobotLogic.v" into library xil_defaultlib
INFO: [VRFC 10-311] analyzing module RobotLogic
WARNING: [VRFC 10-9336] redeclaration of ANSI port 'rstn' is not allowed [/home/qgeroli5/LineFollowerSimple/LineFollowerSimple.srcs/sources_1/new/RobotLogic.v:33]
WARNING: [VRFC 10-9336] redeclaration of ANSI port 'sensor' is not allowed [/home/qgeroli5/LineFollowerSimple/LineFollowerSimple.srcs/sources_1/new/RobotLogic.v:34]
WARNING: [VRFC 10-9336] redeclaration of ANSI port 'pwmL' is not allowed [/home/qgeroli5/LineFollowerSimple/LineFollowerSimple.srcs/sources_1/new/RobotLogic.v:35]
WARNING: [VRFC 10-965] invalid size of integer constant literal [/home/qgeroli5/LineFollowerSimple/LineFollowerSimple.srcs/sources_1/new/RobotLogic.v:47]
WARNING: [VRFC 10-965] invalid size of integer constant literal [/home/qgeroli5/LineFollowerSimple/LineFollowerSimple.srcs/sources_1/new/RobotLogic.v:48]
WARNING: [VRFC 10-965] invalid size of integer constant literal [/home/qgeroli5/LineFollowerSimple/LineFollowerSimple.srcs/sources_1/new/RobotLogic.v:49]
WARNING: [VRFC 10-965] invalid size of integer constant literal [/home/qgeroli5/LineFollowerSimple/LineFollowerSimple.srcs/sources_1/new/RobotLogic.v:50]
WARNING: [VRFC 10-965] invalid size of integer constant literal [/home/qgeroli5/LineFollowerSimple/LineFollowerSimple.srcs/sources_1/new/RobotLogic.v:51]
WARNING: [VRFC 10-965] invalid size of integer constant literal [/home/qgeroli5/LineFollowerSimple/LineFollowerSimple.srcs/sources_1/new/RobotLogic.v:52]
WARNING: [VRFC 10-965] invalid size of integer constant literal [/home/qgeroli5/LineFollowerSimple/LineFollowerSimple.srcs/sources_1/new/RobotLogic.v:53]
WARNING: [VRFC 10-965] invalid size of integer constant literal [/home/qgeroli5/LineFollowerSimple/LineFollowerSimple.srcs/sources_1/new/RobotLogic.v:54]
WARNING: [VRFC 10-2096] empty statement in sequential block [/home/qgeroli5/LineFollowerSimple/LineFollowerSimple.srcs/sources_1/new/RobotLogic.v:46]
INFO: [VRFC 10-2263] Analyzing Verilog file "/home/qgeroli5/LineFollowerSimple/LineFollowerSimple.srcs/sources_1/new/RobotLogic_test.v" into library xil_defaultlib
INFO: [VRFC 10-311] analyzing module RobotLogic_test
WARNING: [VRFC 10-9336] redeclaration of ANSI port 'clk' is not allowed [/home/qgeroli5/LineFollowerSimple/LineFollowerSimple.srcs/sources_1/new/RobotLogic_test.v:30]
WARNING: [VRFC 10-9336] redeclaration of ANSI port 'rstn' is not allowed [/home/qgeroli5/LineFollowerSimple/LineFollowerSimple.srcs/sources_1/new/RobotLogic_test.v:31]
WARNING: [VRFC 10-9336] redeclaration of ANSI port 'sensor' is not allowed [/home/qgeroli5/LineFollowerSimple/LineFollowerSimple.srcs/sources_1/new/RobotLogic_test.v:32]
WARNING: [VRFC 10-9336] redeclaration of ANSI port 'pwmL' is not allowed [/home/qgeroli5/LineFollowerSimple/LineFollowerSimple.srcs/sources_1/new/RobotLogic_test.v:33]
WARNING: [VRFC 10-965] invalid size of integer constant literal [/home/qgeroli5/LineFollowerSimple/LineFollowerSimple.srcs/sources_1/new/RobotLogic_test.v:56]
WARNING: [VRFC 10-965] invalid size of integer constant literal [/home/qgeroli5/LineFollowerSimple/LineFollowerSimple.srcs/sources_1/new/RobotLogic_test.v:57]
WARNING: [VRFC 10-965] invalid size of integer constant literal [/home/qgeroli5/LineFollowerSimple/LineFollowerSimple.srcs/sources_1/new/RobotLogic_test.v:58]
WARNING: [VRFC 10-965] invalid size of integer constant literal [/home/qgeroli5/LineFollowerSimple/LineFollowerSimple.srcs/sources_1/new/RobotLogic_test.v:59]
WARNING: [VRFC 10-965] invalid size of integer constant literal [/home/qgeroli5/LineFollowerSimple/LineFollowerSimple.srcs/sources_1/new/RobotLogic_test.v:60]
WARNING: [VRFC 10-965] invalid size of integer constant literal [/home/qgeroli5/LineFollowerSimple/LineFollowerSimple.srcs/sources_1/new/RobotLogic_test.v:61]
WARNING: [VRFC 10-965] invalid size of integer constant literal [/home/qgeroli5/LineFollowerSimple/LineFollowerSimple.srcs/sources_1/new/RobotLogic_test.v:62]
WARNING: [VRFC 10-965] invalid size of integer constant literal [/home/qgeroli5/LineFollowerSimple/LineFollowerSimple.srcs/sources_1/new/RobotLogic_test.v:63]
WARNING: [VRFC 10-965] invalid size of integer constant literal [/home/qgeroli5/LineFollowerSimple/LineFollowerSimple.srcs/sources_1/new/RobotLogic_test.v:64]
WARNING: [VRFC 10-965] invalid size of integer constant literal [/home/qgeroli5/LineFollowerSimple/LineFollowerSimple.srcs/sources_1/new/RobotLogic_test.v:65]
WARNING: [VRFC 10-965] invalid size of integer constant literal [/home/qgeroli5/LineFollowerSimple/LineFollowerSimple.srcs/sources_1/new/RobotLogic_test.v:66]
WARNING: [VRFC 10-965] invalid size of integer constant literal [/home/qgeroli5/LineFollowerSimple/LineFollowerSimple.srcs/sources_1/new/RobotLogic_test.v:67]
WARNING: [VRFC 10-965] invalid size of integer constant literal [/home/qgeroli5/LineFollowerSimple/LineFollowerSimple.srcs/sources_1/new/RobotLogic_test.v:68]
