
*** Running vivado
    with args -log robot_design_RobotLogic_0_0.vds -m64 -product Vivado -mode batch -messageDb vivado.pb -notrace -source robot_design_RobotLogic_0_0.tcl


ECHO is off.
ECHO is off.

****** Vivado v2023.1 (64-bit)
  **** SW Build 3865809 on Sun May  7 15:05:29 MDT 2023
  **** IP Build 3864474 on Sun May  7 20:36:21 MDT 2023
  **** SharedData Build 3865790 on Sun May 07 13:33:03 MDT 2023
    ** Copyright 1986-2022 Xilinx, Inc. All Rights Reserved.
    ** Copyright 2022-2023 Advanced Micro Devices, Inc. All Rights Reserved.

source robot_design_RobotLogic_0_0.tcl -notrace
create_project: Time (s): cpu = 00:00:02 ; elapsed = 00:00:05 . Memory (MB): peak = 443.387 ; gain = 163.117
INFO: [IP_Flow 19-234] Refreshing IP repositories
INFO: [IP_Flow 19-1704] No user IP repositories specified
INFO: [IP_Flow 19-2313] Loaded Vivado IP repository 'C:/Xilinx/Vivado/2023.1/data/ip'.
WARNING: [IP_Flow 19-4995] The host OS only allows 260 characters in a normal path. The IP cache path is more than 80 characters. If you experience issues with IP caching, please consider changing the IP cache to a location with a shorter path. Alternately consider using the OS subst command to map part of the path to a drive letter. 
Current IP cache path is c:/Users/au087680/Downloads/LineFollowerSimple_mod.xpr/LineFollowerSimple/LineFollowerSimple.cache/ip 
INFO: [IP_Flow 19-6924] IPCACHE: Running cache check for IP inst: robot_design_RobotLogic_0_0
Command: synth_design -top robot_design_RobotLogic_0_0 -part xc7a100tcsg324-1 -incremental_mode off -mode out_of_context
Starting synth_design
Attempting to get a license for feature 'Synthesis' and/or device 'xc7a100t'
INFO: [Common 17-349] Got license for feature 'Synthesis' and/or device 'xc7a100t'
INFO: [Device 21-403] Loading part xc7a100tcsg324-1
INFO: [Synth 8-7079] Multithreading enabled for synth_design using a maximum of 2 processes.
INFO: [Synth 8-7078] Launching helper process for spawning children vivado processes
INFO: [Synth 8-7075] Helper process launched with PID 2432
WARNING: [Synth 8-11121] redeclaration of ANSI port 'rstn' is not allowed [C:/Users/au087680/Downloads/LineFollowerSimple_mod.xpr/LineFollowerSimple/LineFollowerSimple.srcs/sources_1/new/RobotLogic.v:33]
WARNING: [Synth 8-11121] redeclaration of ANSI port 'clk' is not allowed [C:/Users/au087680/Downloads/LineFollowerSimple_mod.xpr/LineFollowerSimple/LineFollowerSimple.srcs/sources_1/new/RobotLogic.v:33]
WARNING: [Synth 8-11121] redeclaration of ANSI port 'sensor' is not allowed [C:/Users/au087680/Downloads/LineFollowerSimple_mod.xpr/LineFollowerSimple/LineFollowerSimple.srcs/sources_1/new/RobotLogic.v:34]
WARNING: [Synth 8-11121] redeclaration of ANSI port 'pwmL' is not allowed [C:/Users/au087680/Downloads/LineFollowerSimple_mod.xpr/LineFollowerSimple/LineFollowerSimple.srcs/sources_1/new/RobotLogic.v:35]
WARNING: [Synth 8-11121] redeclaration of ANSI port 'pwmR' is not allowed [C:/Users/au087680/Downloads/LineFollowerSimple_mod.xpr/LineFollowerSimple/LineFollowerSimple.srcs/sources_1/new/RobotLogic.v:35]
WARNING: [Synth 8-9694] invalid size of integer constant literal [C:/Users/au087680/Downloads/LineFollowerSimple_mod.xpr/LineFollowerSimple/LineFollowerSimple.srcs/sources_1/new/RobotLogic.v:50]
WARNING: [Synth 8-9694] invalid size of integer constant literal [C:/Users/au087680/Downloads/LineFollowerSimple_mod.xpr/LineFollowerSimple/LineFollowerSimple.srcs/sources_1/new/RobotLogic.v:51]
WARNING: [Synth 8-9694] invalid size of integer constant literal [C:/Users/au087680/Downloads/LineFollowerSimple_mod.xpr/LineFollowerSimple/LineFollowerSimple.srcs/sources_1/new/RobotLogic.v:52]
WARNING: [Synth 8-9694] invalid size of integer constant literal [C:/Users/au087680/Downloads/LineFollowerSimple_mod.xpr/LineFollowerSimple/LineFollowerSimple.srcs/sources_1/new/RobotLogic.v:53]
WARNING: [Synth 8-9694] invalid size of integer constant literal [C:/Users/au087680/Downloads/LineFollowerSimple_mod.xpr/LineFollowerSimple/LineFollowerSimple.srcs/sources_1/new/RobotLogic.v:54]
WARNING: [Synth 8-9694] invalid size of integer constant literal [C:/Users/au087680/Downloads/LineFollowerSimple_mod.xpr/LineFollowerSimple/LineFollowerSimple.srcs/sources_1/new/RobotLogic.v:55]
WARNING: [Synth 8-9694] invalid size of integer constant literal [C:/Users/au087680/Downloads/LineFollowerSimple_mod.xpr/LineFollowerSimple/LineFollowerSimple.srcs/sources_1/new/RobotLogic.v:56]
WARNING: [Synth 8-9694] invalid size of integer constant literal [C:/Users/au087680/Downloads/LineFollowerSimple_mod.xpr/LineFollowerSimple/LineFollowerSimple.srcs/sources_1/new/RobotLogic.v:57]
WARNING: [Synth 8-9694] invalid size of integer constant literal [C:/Users/au087680/Downloads/LineFollowerSimple_mod.xpr/LineFollowerSimple/LineFollowerSimple.srcs/sources_1/new/RobotLogic.v:59]
WARNING: [Synth 8-9694] invalid size of integer constant literal [C:/Users/au087680/Downloads/LineFollowerSimple_mod.xpr/LineFollowerSimple/LineFollowerSimple.srcs/sources_1/new/RobotLogic.v:60]
WARNING: [Synth 8-9694] invalid size of integer constant literal [C:/Users/au087680/Downloads/LineFollowerSimple_mod.xpr/LineFollowerSimple/LineFollowerSimple.srcs/sources_1/new/RobotLogic.v:61]
WARNING: [Synth 8-9694] invalid size of integer constant literal [C:/Users/au087680/Downloads/LineFollowerSimple_mod.xpr/LineFollowerSimple/LineFollowerSimple.srcs/sources_1/new/RobotLogic.v:62]
WARNING: [Synth 8-9694] invalid size of integer constant literal [C:/Users/au087680/Downloads/LineFollowerSimple_mod.xpr/LineFollowerSimple/LineFollowerSimple.srcs/sources_1/new/RobotLogic.v:63]
WARNING: [Synth 8-9694] invalid size of integer constant literal [C:/Users/au087680/Downloads/LineFollowerSimple_mod.xpr/LineFollowerSimple/LineFollowerSimple.srcs/sources_1/new/RobotLogic.v:64]
WARNING: [Synth 8-9694] invalid size of integer constant literal [C:/Users/au087680/Downloads/LineFollowerSimple_mod.xpr/LineFollowerSimple/LineFollowerSimple.srcs/sources_1/new/RobotLogic.v:65]
WARNING: [Synth 8-9694] invalid size of integer constant literal [C:/Users/au087680/Downloads/LineFollowerSimple_mod.xpr/LineFollowerSimple/LineFollowerSimple.srcs/sources_1/new/RobotLogic.v:66]
WARNING: [Synth 8-9694] invalid size of integer constant literal [C:/Users/au087680/Downloads/LineFollowerSimple_mod.xpr/LineFollowerSimple/LineFollowerSimple.srcs/sources_1/new/RobotLogic.v:68]
WARNING: [Synth 8-9694] invalid size of integer constant literal [C:/Users/au087680/Downloads/LineFollowerSimple_mod.xpr/LineFollowerSimple/LineFollowerSimple.srcs/sources_1/new/RobotLogic.v:69]
WARNING: [Synth 8-9694] invalid size of integer constant literal [C:/Users/au087680/Downloads/LineFollowerSimple_mod.xpr/LineFollowerSimple/LineFollowerSimple.srcs/sources_1/new/RobotLogic.v:70]
WARNING: [Synth 8-9694] invalid size of integer constant literal [C:/Users/au087680/Downloads/LineFollowerSimple_mod.xpr/LineFollowerSimple/LineFollowerSimple.srcs/sources_1/new/RobotLogic.v:71]
WARNING: [Synth 8-9694] invalid size of integer constant literal [C:/Users/au087680/Downloads/LineFollowerSimple_mod.xpr/LineFollowerSimple/LineFollowerSimple.srcs/sources_1/new/RobotLogic.v:72]
WARNING: [Synth 8-9694] invalid size of integer constant literal [C:/Users/au087680/Downloads/LineFollowerSimple_mod.xpr/LineFollowerSimple/LineFollowerSimple.srcs/sources_1/new/RobotLogic.v:73]
WARNING: [Synth 8-9694] invalid size of integer constant literal [C:/Users/au087680/Downloads/LineFollowerSimple_mod.xpr/LineFollowerSimple/LineFollowerSimple.srcs/sources_1/new/RobotLogic.v:74]
WARNING: [Synth 8-9694] invalid size of integer constant literal [C:/Users/au087680/Downloads/LineFollowerSimple_mod.xpr/LineFollowerSimple/LineFollowerSimple.srcs/sources_1/new/RobotLogic.v:75]
WARNING: [Synth 8-9694] invalid size of integer constant literal [C:/Users/au087680/Downloads/LineFollowerSimple_mod.xpr/LineFollowerSimple/LineFollowerSimple.srcs/sources_1/new/RobotLogic.v:77]
WARNING: [Synth 8-9694] invalid size of integer constant literal [C:/Users/au087680/Downloads/LineFollowerSimple_mod.xpr/LineFollowerSimple/LineFollowerSimple.srcs/sources_1/new/RobotLogic.v:78]
WARNING: [Synth 8-9694] invalid size of integer constant literal [C:/Users/au087680/Downloads/LineFollowerSimple_mod.xpr/LineFollowerSimple/LineFollowerSimple.srcs/sources_1/new/RobotLogic.v:79]
WARNING: [Synth 8-9694] invalid size of integer constant literal [C:/Users/au087680/Downloads/LineFollowerSimple_mod.xpr/LineFollowerSimple/LineFollowerSimple.srcs/sources_1/new/RobotLogic.v:80]
WARNING: [Synth 8-9694] invalid size of integer constant literal [C:/Users/au087680/Downloads/LineFollowerSimple_mod.xpr/LineFollowerSimple/LineFollowerSimple.srcs/sources_1/new/RobotLogic.v:81]
WARNING: [Synth 8-9694] invalid size of integer constant literal [C:/Users/au087680/Downloads/LineFollowerSimple_mod.xpr/LineFollowerSimple/LineFollowerSimple.srcs/sources_1/new/RobotLogic.v:82]
WARNING: [Synth 8-9694] invalid size of integer constant literal [C:/Users/au087680/Downloads/LineFollowerSimple_mod.xpr/LineFollowerSimple/LineFollowerSimple.srcs/sources_1/new/RobotLogic.v:83]
WARNING: [Synth 8-9694] invalid size of integer constant literal [C:/Users/au087680/Downloads/LineFollowerSimple_mod.xpr/LineFollowerSimple/LineFollowerSimple.srcs/sources_1/new/RobotLogic.v:84]
WARNING: [Synth 8-9694] invalid size of integer constant literal [C:/Users/au087680/Downloads/LineFollowerSimple_mod.xpr/LineFollowerSimple/LineFollowerSimple.srcs/sources_1/new/RobotLogic.v:86]
WARNING: [Synth 8-9694] invalid size of integer constant literal [C:/Users/au087680/Downloads/LineFollowerSimple_mod.xpr/LineFollowerSimple/LineFollowerSimple.srcs/sources_1/new/RobotLogic.v:87]
WARNING: [Synth 8-9694] invalid size of integer constant literal [C:/Users/au087680/Downloads/LineFollowerSimple_mod.xpr/LineFollowerSimple/LineFollowerSimple.srcs/sources_1/new/RobotLogic.v:88]
WARNING: [Synth 8-9694] invalid size of integer constant literal [C:/Users/au087680/Downloads/LineFollowerSimple_mod.xpr/LineFollowerSimple/LineFollowerSimple.srcs/sources_1/new/RobotLogic.v:89]
WARNING: [Synth 8-9694] invalid size of integer constant literal [C:/Users/au087680/Downloads/LineFollowerSimple_mod.xpr/LineFollowerSimple/LineFollowerSimple.srcs/sources_1/new/RobotLogic.v:90]
WARNING: [Synth 8-9694] invalid size of integer constant literal [C:/Users/au087680/Downloads/LineFollowerSimple_mod.xpr/LineFollowerSimple/LineFollowerSimple.srcs/sources_1/new/RobotLogic.v:91]
WARNING: [Synth 8-9694] invalid size of integer constant literal [C:/Users/au087680/Downloads/LineFollowerSimple_mod.xpr/LineFollowerSimple/LineFollowerSimple.srcs/sources_1/new/RobotLogic.v:92]
WARNING: [Synth 8-9694] invalid size of integer constant literal [C:/Users/au087680/Downloads/LineFollowerSimple_mod.xpr/LineFollowerSimple/LineFollowerSimple.srcs/sources_1/new/RobotLogic.v:93]
WARNING: [Synth 8-9694] invalid size of integer constant literal [C:/Users/au087680/Downloads/LineFollowerSimple_mod.xpr/LineFollowerSimple/LineFollowerSimple.srcs/sources_1/new/RobotLogic.v:95]
WARNING: [Synth 8-9694] invalid size of integer constant literal [C:/Users/au087680/Downloads/LineFollowerSimple_mod.xpr/LineFollowerSimple/LineFollowerSimple.srcs/sources_1/new/RobotLogic.v:96]
WARNING: [Synth 8-9694] invalid size of integer constant literal [C:/Users/au087680/Downloads/LineFollowerSimple_mod.xpr/LineFollowerSimple/LineFollowerSimple.srcs/sources_1/new/RobotLogic.v:97]
WARNING: [Synth 8-9694] invalid size of integer constant literal [C:/Users/au087680/Downloads/LineFollowerSimple_mod.xpr/LineFollowerSimple/LineFollowerSimple.srcs/sources_1/new/RobotLogic.v:98]
WARNING: [Synth 8-9694] invalid size of integer constant literal [C:/Users/au087680/Downloads/LineFollowerSimple_mod.xpr/LineFollowerSimple/LineFollowerSimple.srcs/sources_1/new/RobotLogic.v:99]
WARNING: [Synth 8-9694] invalid size of integer constant literal [C:/Users/au087680/Downloads/LineFollowerSimple_mod.xpr/LineFollowerSimple/LineFollowerSimple.srcs/sources_1/new/RobotLogic.v:100]
WARNING: [Synth 8-9694] invalid size of integer constant literal [C:/Users/au087680/Downloads/LineFollowerSimple_mod.xpr/LineFollowerSimple/LineFollowerSimple.srcs/sources_1/new/RobotLogic.v:101]
WARNING: [Synth 8-9694] invalid size of integer constant literal [C:/Users/au087680/Downloads/LineFollowerSimple_mod.xpr/LineFollowerSimple/LineFollowerSimple.srcs/sources_1/new/RobotLogic.v:102]
WARNING: [Synth 8-9694] invalid size of integer constant literal [C:/Users/au087680/Downloads/LineFollowerSimple_mod.xpr/LineFollowerSimple/LineFollowerSimple.srcs/sources_1/new/RobotLogic.v:104]
WARNING: [Synth 8-9694] invalid size of integer constant literal [C:/Users/au087680/Downloads/LineFollowerSimple_mod.xpr/LineFollowerSimple/LineFollowerSimple.srcs/sources_1/new/RobotLogic.v:105]
WARNING: [Synth 8-9694] invalid size of integer constant literal [C:/Users/au087680/Downloads/LineFollowerSimple_mod.xpr/LineFollowerSimple/LineFollowerSimple.srcs/sources_1/new/RobotLogic.v:106]
WARNING: [Synth 8-9694] invalid size of integer constant literal [C:/Users/au087680/Downloads/LineFollowerSimple_mod.xpr/LineFollowerSimple/LineFollowerSimple.srcs/sources_1/new/RobotLogic.v:107]
WARNING: [Synth 8-9694] invalid size of integer constant literal [C:/Users/au087680/Downloads/LineFollowerSimple_mod.xpr/LineFollowerSimple/LineFollowerSimple.srcs/sources_1/new/RobotLogic.v:108]
WARNING: [Synth 8-9694] invalid size of integer constant literal [C:/Users/au087680/Downloads/LineFollowerSimple_mod.xpr/LineFollowerSimple/LineFollowerSimple.srcs/sources_1/new/RobotLogic.v:109]
WARNING: [Synth 8-9694] invalid size of integer constant literal [C:/Users/au087680/Downloads/LineFollowerSimple_mod.xpr/LineFollowerSimple/LineFollowerSimple.srcs/sources_1/new/RobotLogic.v:110]
WARNING: [Synth 8-9694] invalid size of integer constant literal [C:/Users/au087680/Downloads/LineFollowerSimple_mod.xpr/LineFollowerSimple/LineFollowerSimple.srcs/sources_1/new/RobotLogic.v:111]
WARNING: [Synth 8-9694] invalid size of integer constant literal [C:/Users/au087680/Downloads/LineFollowerSimple_mod.xpr/LineFollowerSimple/LineFollowerSimple.srcs/sources_1/new/RobotLogic.v:113]
WARNING: [Synth 8-9694] invalid size of integer constant literal [C:/Users/au087680/Downloads/LineFollowerSimple_mod.xpr/LineFollowerSimple/LineFollowerSimple.srcs/sources_1/new/RobotLogic.v:114]
WARNING: [Synth 8-9694] invalid size of integer constant literal [C:/Users/au087680/Downloads/LineFollowerSimple_mod.xpr/LineFollowerSimple/LineFollowerSimple.srcs/sources_1/new/RobotLogic.v:115]
WARNING: [Synth 8-9694] invalid size of integer constant literal [C:/Users/au087680/Downloads/LineFollowerSimple_mod.xpr/LineFollowerSimple/LineFollowerSimple.srcs/sources_1/new/RobotLogic.v:116]
WARNING: [Synth 8-9694] invalid size of integer constant literal [C:/Users/au087680/Downloads/LineFollowerSimple_mod.xpr/LineFollowerSimple/LineFollowerSimple.srcs/sources_1/new/RobotLogic.v:117]
WARNING: [Synth 8-9694] invalid size of integer constant literal [C:/Users/au087680/Downloads/LineFollowerSimple_mod.xpr/LineFollowerSimple/LineFollowerSimple.srcs/sources_1/new/RobotLogic.v:118]
WARNING: [Synth 8-9694] invalid size of integer constant literal [C:/Users/au087680/Downloads/LineFollowerSimple_mod.xpr/LineFollowerSimple/LineFollowerSimple.srcs/sources_1/new/RobotLogic.v:119]
WARNING: [Synth 8-9694] invalid size of integer constant literal [C:/Users/au087680/Downloads/LineFollowerSimple_mod.xpr/LineFollowerSimple/LineFollowerSimple.srcs/sources_1/new/RobotLogic.v:120]
WARNING: [Synth 8-9400] empty statement in sequential block [C:/Users/au087680/Downloads/LineFollowerSimple_mod.xpr/LineFollowerSimple/LineFollowerSimple.srcs/sources_1/new/RobotLogic.v:124]
---------------------------------------------------------------------------------
Starting RTL Elaboration : Time (s): cpu = 00:00:02 ; elapsed = 00:00:03 . Memory (MB): peak = 1285.598 ; gain = 410.844
---------------------------------------------------------------------------------
INFO: [Synth 8-6157] synthesizing module 'robot_design_RobotLogic_0_0' [c:/Users/au087680/Downloads/LineFollowerSimple_mod.xpr/LineFollowerSimple/LineFollowerSimple.gen/sources_1/bd/robot_design/ip/robot_design_RobotLogic_0_0/synth/robot_design_RobotLogic_0_0.v:53]
INFO: [Synth 8-6157] synthesizing module 'RobotLogic' [C:/Users/au087680/Downloads/LineFollowerSimple_mod.xpr/LineFollowerSimple/LineFollowerSimple.srcs/sources_1/new/RobotLogic.v:23]
INFO: [Synth 8-6155] done synthesizing module 'RobotLogic' (0#1) [C:/Users/au087680/Downloads/LineFollowerSimple_mod.xpr/LineFollowerSimple/LineFollowerSimple.srcs/sources_1/new/RobotLogic.v:23]
INFO: [Synth 8-6155] done synthesizing module 'robot_design_RobotLogic_0_0' (0#1) [c:/Users/au087680/Downloads/LineFollowerSimple_mod.xpr/LineFollowerSimple/LineFollowerSimple.gen/sources_1/bd/robot_design/ip/robot_design_RobotLogic_0_0/synth/robot_design_RobotLogic_0_0.v:53]
WARNING: [Synth 8-3848] Net previos in module/entity RobotLogic does not have driver. [C:/Users/au087680/Downloads/LineFollowerSimple_mod.xpr/LineFollowerSimple/LineFollowerSimple.srcs/sources_1/new/RobotLogic.v:38]
WARNING: [Synth 8-7129] Port sensor[3] in module RobotLogic is either unconnected or has no load
---------------------------------------------------------------------------------
Finished RTL Elaboration : Time (s): cpu = 00:00:02 ; elapsed = 00:00:04 . Memory (MB): peak = 1375.961 ; gain = 501.207
---------------------------------------------------------------------------------
---------------------------------------------------------------------------------
Start Handling Custom Attributes
---------------------------------------------------------------------------------
---------------------------------------------------------------------------------
Finished Handling Custom Attributes : Time (s): cpu = 00:00:02 ; elapsed = 00:00:04 . Memory (MB): peak = 1375.961 ; gain = 501.207
---------------------------------------------------------------------------------
---------------------------------------------------------------------------------
Finished RTL Optimization Phase 1 : Time (s): cpu = 00:00:02 ; elapsed = 00:00:04 . Memory (MB): peak = 1375.961 ; gain = 501.207
---------------------------------------------------------------------------------
Netlist sorting complete. Time (s): cpu = 00:00:00 ; elapsed = 00:00:00 . Memory (MB): peak = 1375.961 ; gain = 0.000
INFO: [Project 1-570] Preparing netlist for logic optimization

Processing XDC Constraints
Initializing timing engine
Completed Processing XDC Constraints

Netlist sorting complete. Time (s): cpu = 00:00:00 ; elapsed = 00:00:00 . Memory (MB): peak = 1469.355 ; gain = 0.000
INFO: [Project 1-111] Unisim Transformation Summary:
No Unisim elements were transformed.

Constraint Validation Runtime : Time (s): cpu = 00:00:00 ; elapsed = 00:00:00.019 . Memory (MB): peak = 1469.355 ; gain = 0.000
INFO: [Designutils 20-5008] Incremental synthesis strategy off
---------------------------------------------------------------------------------
Finished Constraint Validation : Time (s): cpu = 00:00:04 ; elapsed = 00:00:09 . Memory (MB): peak = 1469.355 ; gain = 594.602
---------------------------------------------------------------------------------
---------------------------------------------------------------------------------
Start Loading Part and Timing Information
---------------------------------------------------------------------------------
Loading part: xc7a100tcsg324-1
---------------------------------------------------------------------------------
Finished Loading Part and Timing Information : Time (s): cpu = 00:00:04 ; elapsed = 00:00:09 . Memory (MB): peak = 1469.355 ; gain = 594.602
---------------------------------------------------------------------------------
---------------------------------------------------------------------------------
Start Applying 'set_property' XDC Constraints
---------------------------------------------------------------------------------
---------------------------------------------------------------------------------
Finished applying 'set_property' XDC Constraints : Time (s): cpu = 00:00:04 ; elapsed = 00:00:09 . Memory (MB): peak = 1469.355 ; gain = 594.602
---------------------------------------------------------------------------------
---------------------------------------------------------------------------------
Finished RTL Optimization Phase 2 : Time (s): cpu = 00:00:04 ; elapsed = 00:00:09 . Memory (MB): peak = 1469.355 ; gain = 594.602
---------------------------------------------------------------------------------
---------------------------------------------------------------------------------
Start RTL Component Statistics 
---------------------------------------------------------------------------------
Detailed RTL Component Info : 
+---Registers : 
	                8 Bit    Registers := 2     
+---Muxes : 
	  64 Input    8 Bit        Muxes := 2     
---------------------------------------------------------------------------------
Finished RTL Component Statistics 
---------------------------------------------------------------------------------
---------------------------------------------------------------------------------
Start Part Resource Summary
---------------------------------------------------------------------------------
Part Resources:
DSPs: 240 (col length:80)
BRAMs: 270 (col length: RAMB18 80 RAMB36 40)
---------------------------------------------------------------------------------
Finished Part Resource Summary
---------------------------------------------------------------------------------
---------------------------------------------------------------------------------
Start Cross Boundary and Area Optimization
---------------------------------------------------------------------------------
WARNING: [Synth 8-7080] Parallel synthesis criteria is not met
INFO: [Synth 8-3917] design robot_design_RobotLogic_0_0 has port pwmL[15] driven by constant 0
INFO: [Synth 8-3917] design robot_design_RobotLogic_0_0 has port pwmL[14] driven by constant 0
INFO: [Synth 8-3917] design robot_design_RobotLogic_0_0 has port pwmL[13] driven by constant 0
INFO: [Synth 8-3917] design robot_design_RobotLogic_0_0 has port pwmL[12] driven by constant 0
INFO: [Synth 8-3917] design robot_design_RobotLogic_0_0 has port pwmL[11] driven by constant 0
INFO: [Synth 8-3917] design robot_design_RobotLogic_0_0 has port pwmL[10] driven by constant 0
INFO: [Synth 8-3917] design robot_design_RobotLogic_0_0 has port pwmL[9] driven by constant 0
INFO: [Synth 8-3917] design robot_design_RobotLogic_0_0 has port pwmL[8] driven by constant 0
INFO: [Synth 8-3917] design robot_design_RobotLogic_0_0 has port pwmR[15] driven by constant 0
INFO: [Synth 8-3917] design robot_design_RobotLogic_0_0 has port pwmR[14] driven by constant 0
INFO: [Synth 8-3917] design robot_design_RobotLogic_0_0 has port pwmR[13] driven by constant 0
INFO: [Synth 8-3917] design robot_design_RobotLogic_0_0 has port pwmR[12] driven by constant 0
INFO: [Synth 8-3917] design robot_design_RobotLogic_0_0 has port pwmR[11] driven by constant 0
INFO: [Synth 8-3917] design robot_design_RobotLogic_0_0 has port pwmR[10] driven by constant 0
INFO: [Synth 8-3917] design robot_design_RobotLogic_0_0 has port pwmR[9] driven by constant 0
INFO: [Synth 8-3917] design robot_design_RobotLogic_0_0 has port pwmR[8] driven by constant 0
WARNING: [Synth 8-7129] Port sensor[3] in module robot_design_RobotLogic_0_0 is either unconnected or has no load
---------------------------------------------------------------------------------
Finished Cross Boundary and Area Optimization : Time (s): cpu = 00:00:04 ; elapsed = 00:00:10 . Memory (MB): peak = 1469.355 ; gain = 594.602
---------------------------------------------------------------------------------
---------------------------------------------------------------------------------
Start Applying XDC Timing Constraints
---------------------------------------------------------------------------------
---------------------------------------------------------------------------------
Finished Applying XDC Timing Constraints : Time (s): cpu = 00:00:06 ; elapsed = 00:00:14 . Memory (MB): peak = 1469.355 ; gain = 594.602
---------------------------------------------------------------------------------
---------------------------------------------------------------------------------
Start Timing Optimization
---------------------------------------------------------------------------------
---------------------------------------------------------------------------------
Finished Timing Optimization : Time (s): cpu = 00:00:06 ; elapsed = 00:00:14 . Memory (MB): peak = 1469.355 ; gain = 594.602
---------------------------------------------------------------------------------
---------------------------------------------------------------------------------
Start Technology Mapping
---------------------------------------------------------------------------------
---------------------------------------------------------------------------------
Finished Technology Mapping : Time (s): cpu = 00:00:06 ; elapsed = 00:00:14 . Memory (MB): peak = 1469.355 ; gain = 594.602
---------------------------------------------------------------------------------
---------------------------------------------------------------------------------
Start IO Insertion
---------------------------------------------------------------------------------
---------------------------------------------------------------------------------
Start Flattening Before IO Insertion
---------------------------------------------------------------------------------
---------------------------------------------------------------------------------
Finished Flattening Before IO Insertion
---------------------------------------------------------------------------------
---------------------------------------------------------------------------------
Start Final Netlist Cleanup
---------------------------------------------------------------------------------
---------------------------------------------------------------------------------
Finished Final Netlist Cleanup
---------------------------------------------------------------------------------
---------------------------------------------------------------------------------
Finished IO Insertion : Time (s): cpu = 00:00:07 ; elapsed = 00:00:16 . Memory (MB): peak = 1469.355 ; gain = 594.602
---------------------------------------------------------------------------------
---------------------------------------------------------------------------------
Start Renaming Generated Instances
---------------------------------------------------------------------------------
---------------------------------------------------------------------------------
Finished Renaming Generated Instances : Time (s): cpu = 00:00:07 ; elapsed = 00:00:16 . Memory (MB): peak = 1469.355 ; gain = 594.602
---------------------------------------------------------------------------------
---------------------------------------------------------------------------------
Start Rebuilding User Hierarchy
---------------------------------------------------------------------------------
---------------------------------------------------------------------------------
Finished Rebuilding User Hierarchy : Time (s): cpu = 00:00:07 ; elapsed = 00:00:16 . Memory (MB): peak = 1469.355 ; gain = 594.602
---------------------------------------------------------------------------------
---------------------------------------------------------------------------------
Start Renaming Generated Ports
---------------------------------------------------------------------------------
---------------------------------------------------------------------------------
Finished Renaming Generated Ports : Time (s): cpu = 00:00:07 ; elapsed = 00:00:16 . Memory (MB): peak = 1469.355 ; gain = 594.602
---------------------------------------------------------------------------------
---------------------------------------------------------------------------------
Start Handling Custom Attributes
---------------------------------------------------------------------------------
---------------------------------------------------------------------------------
Finished Handling Custom Attributes : Time (s): cpu = 00:00:07 ; elapsed = 00:00:16 . Memory (MB): peak = 1469.355 ; gain = 594.602
---------------------------------------------------------------------------------
---------------------------------------------------------------------------------
Start Renaming Generated Nets
---------------------------------------------------------------------------------
---------------------------------------------------------------------------------
Finished Renaming Generated Nets : Time (s): cpu = 00:00:07 ; elapsed = 00:00:16 . Memory (MB): peak = 1469.355 ; gain = 594.602
---------------------------------------------------------------------------------
---------------------------------------------------------------------------------
Start Writing Synthesis Report
---------------------------------------------------------------------------------

Report BlackBoxes: 
+-+--------------+----------+
| |BlackBox name |Instances |
+-+--------------+----------+
+-+--------------+----------+

Report Cell Usage: 
+------+-----+------+
|      |Cell |Count |
+------+-----+------+
|1     |LUT1 |     1|
|2     |LUT2 |     1|
|3     |LUT3 |     4|
|4     |FDRE |     5|
+------+-----+------+
---------------------------------------------------------------------------------
Finished Writing Synthesis Report : Time (s): cpu = 00:00:07 ; elapsed = 00:00:16 . Memory (MB): peak = 1469.355 ; gain = 594.602
---------------------------------------------------------------------------------
Synthesis finished with 0 errors, 0 critical warnings and 2 warnings.
Synthesis Optimization Runtime : Time (s): cpu = 00:00:04 ; elapsed = 00:00:15 . Memory (MB): peak = 1469.355 ; gain = 501.207
Synthesis Optimization Complete : Time (s): cpu = 00:00:07 ; elapsed = 00:00:16 . Memory (MB): peak = 1469.355 ; gain = 594.602
INFO: [Project 1-571] Translating synthesized netlist
Netlist sorting complete. Time (s): cpu = 00:00:00 ; elapsed = 00:00:00 . Memory (MB): peak = 1469.355 ; gain = 0.000
INFO: [Project 1-570] Preparing netlist for logic optimization
INFO: [Opt 31-138] Pushed 0 inverter(s) to 0 load pin(s).
Netlist sorting complete. Time (s): cpu = 00:00:00 ; elapsed = 00:00:00 . Memory (MB): peak = 1469.355 ; gain = 0.000
INFO: [Project 1-111] Unisim Transformation Summary:
No Unisim elements were transformed.

Synth Design complete | Checksum: ef07aaa7
INFO: [Common 17-83] Releasing license: Synthesis
37 Infos, 75 Warnings, 0 Critical Warnings and 0 Errors encountered.
synth_design completed successfully
synth_design: Time (s): cpu = 00:00:07 ; elapsed = 00:00:24 . Memory (MB): peak = 1469.355 ; gain = 988.766
INFO: [Common 17-1381] The checkpoint 'C:/Users/au087680/Downloads/LineFollowerSimple_mod.xpr/LineFollowerSimple/LineFollowerSimple.runs/robot_design_RobotLogic_0_0_synth_1/robot_design_RobotLogic_0_0.dcp' has been generated.
INFO: [Coretcl 2-1648] Added synthesis output to IP cache for IP robot_design_RobotLogic_0_0, cache-ID = b1db96c6f29c9060
INFO: [Common 17-1381] The checkpoint 'C:/Users/au087680/Downloads/LineFollowerSimple_mod.xpr/LineFollowerSimple/LineFollowerSimple.runs/robot_design_RobotLogic_0_0_synth_1/robot_design_RobotLogic_0_0.dcp' has been generated.
INFO: [runtcl-4] Executing : report_utilization -file robot_design_RobotLogic_0_0_utilization_synth.rpt -pb robot_design_RobotLogic_0_0_utilization_synth.pb
INFO: [Common 17-206] Exiting Vivado at Thu Mar 14 15:52:43 2024...
